<?xml version="1.0" encoding="UTF-8"?>
<!-- Generated by org.testng.reporters.JUnitXMLReporter -->
<testsuite ignored="0" hostname="ip-192-168-29-66.me-south-1.compute.internal" failures="5" tests="7" name="Test Cucumber Corporate Feature" time="1084.651" errors="0" timestamp="2023-09-05T19:54:31 IST">
  <testcase classname="io.cucumber.testng.AbstractTestNGCucumberTests" name="runScenario" time="388.857"/>
  <testcase classname="io.cucumber.testng.AbstractTestNGCucumberTests" name="runScenario" time="392.058"/>
  <testcase classname="io.cucumber.testng.AbstractTestNGCucumberTests" name="runScenario" time="76.462">
    <failure type="java.lang.AssertionError" message="The condition is FALSE. expected [true] but found [false]">
      <![CDATA[java.lang.AssertionError: The condition is FALSE. expected [true] but found [false]
at anhtester.com.keywords.WebUI.verifyTrue(WebUI.java:1033)
at anhtester.com.hubpay.corp.pages.DashboardPage.searchAndVerifyPaymentInTransactionGrid(DashboardPage.java:219)
at anhtester.com.hubpay.corp.stepdefinitions.DashboardPageStepDefinition.I_search_verify_payment_for_in_the_Transactions_grid(DashboardPageStepDefinition.java:170)
at ✽.I search and verify payment for "BUSINESS" in the Transactions grid(file:///Users/kanthreddy/wip/Hubpay_QAAutomation/src/test/resources/features/InternationalPayments/InternationalPaymentFlow_MultipleRecipients_CHF.feature:48)
... Removed 3 stack frames]]>
    </failure>
  </testcase> <!-- runScenario -->
  <testcase classname="io.cucumber.testng.AbstractTestNGCucumberTests" name="runScenario" time="34.239">
    <failure type="java.lang.AssertionError" message="Element not exist. By.xpath: //div[contains(text(),&amp;apos;Settlement date&amp;apos;)]/preceding-sibling::div//select">
      <![CDATA[java.lang.AssertionError: Element not exist. By.xpath: //div[contains(text(),'Settlement date')]/preceding-sibling::div//select
at anhtester.com.keywords.WebUI.waitForElementPresent(WebUI.java:2372)
at anhtester.com.keywords.WebUI.waitForElementVisible(WebUI.java:2280)
at anhtester.com.hubpay.corp.pages.ExchangePage.selectTenorDateOnExchange(ExchangePage.java:484)
at anhtester.com.hubpay.corp.stepdefinitions.ExchangePageStepDefinition.I_select_tenor_for_currency_on_exchange_page(ExchangePageStepDefinition.java:86)
at ✽.I select "2 business days" tenor on Exchange page(file:///Users/kanthreddy/wip/Hubpay_QAAutomation/src/test/resources/features/InternationalPayments/InternationalPaymentFlow_MultipleRecipients_EUR.feature:17)
... Removed 1 stack frames]]>
    </failure>
  </testcase> <!-- runScenario -->
  <testcase classname="io.cucumber.testng.AbstractTestNGCucumberTests" name="runScenario" time="76.761">
    <failure type="java.lang.AssertionError" message="The condition is FALSE. expected [true] but found [false]">
      <![CDATA[java.lang.AssertionError: The condition is FALSE. expected [true] but found [false]
at anhtester.com.keywords.WebUI.verifyTrue(WebUI.java:1033)
at anhtester.com.hubpay.corp.pages.DashboardPage.searchAndVerifyPaymentInTransactionGrid(DashboardPage.java:219)
at anhtester.com.hubpay.corp.stepdefinitions.DashboardPageStepDefinition.I_search_verify_payment_for_in_the_Transactions_grid(DashboardPageStepDefinition.java:170)
at ✽.I search and verify payment for "BUSINESS" in the Transactions grid(file:///Users/kanthreddy/wip/Hubpay_QAAutomation/src/test/resources/features/InternationalPayments/InternationalPaymentFlow_MultipleRecipients_GBP.feature:48)
... Removed 3 stack frames]]>
    </failure>
  </testcase> <!-- runScenario -->
  <testcase classname="io.cucumber.testng.AbstractTestNGCucumberTests" name="runScenario" time="81.05">
    <failure type="java.lang.AssertionError" message="The condition is FALSE. expected [true] but found [false]">
      <![CDATA[java.lang.AssertionError: The condition is FALSE. expected [true] but found [false]
at anhtester.com.keywords.WebUI.verifyTrue(WebUI.java:1033)
at anhtester.com.hubpay.corp.pages.DashboardPage.searchAndVerifyPaymentInTransactionGrid(DashboardPage.java:219)
at anhtester.com.hubpay.corp.stepdefinitions.DashboardPageStepDefinition.I_search_verify_payment_for_in_the_Transactions_grid(DashboardPageStepDefinition.java:170)
at ✽.I search and verify payment for "BUSINESS" in the Transactions grid(file:///Users/kanthreddy/wip/Hubpay_QAAutomation/src/test/resources/features/InternationalPayments/InternationalPaymentFlow_MultipleRecipients_NZD.feature:48)
... Removed 3 stack frames]]>
    </failure>
  </testcase> <!-- runScenario -->
  <testcase classname="io.cucumber.testng.AbstractTestNGCucumberTests" name="runScenario" time="26.012">
    <failure type="java.lang.UnsupportedOperationException" message="You may not select a disabled option">
      <![CDATA[java.lang.UnsupportedOperationException: You may not select a disabled option
at org.openqa.selenium.support.ui.Select.assertOptionIsEnabled(Select.java:321)
at org.openqa.selenium.support.ui.Select.setSelected(Select.java:313)
at org.openqa.selenium.support.ui.Select.selectByVisibleText(Select.java:119)
at anhtester.com.keywords.WebUI.selectOptionByText(WebUI.java:734)
at anhtester.com.hubpay.corp.pages.ExchangePage.selectTenorDateOnExchange(ExchangePage.java:485)
at anhtester.com.hubpay.corp.stepdefinitions.ExchangePageStepDefinition.I_select_tenor_for_currency_on_exchange_page(ExchangePageStepDefinition.java:86)
at ✽.I select "Next business day" tenor on Exchange page(file:///Users/kanthreddy/wip/Hubpay_QAAutomation/src/test/resources/features/InternationalPayments/InternationalPaymentFlow_MultipleRecipients_SGD.feature:17)
]]>
    </failure>
  </testcase> <!-- runScenario -->
</testsuite> <!-- Test Cucumber Corporate Feature -->
