<?xml version="1.0" encoding="UTF-8"?>
<!-- Generated by org.testng.reporters.JUnitReportReporter -->
<testsuite hostname="ip-192-168-29-66.me-south-1.compute.internal" failures="4" tests="7" name="anhtester.com.runners.OpsTestRunner" time="1075.439" errors="1" timestamp="2023-09-05T19:54:31 IST" skipped="0">
  <testcase classname="anhtester.com.runners.OpsTestRunner" name="runScenario" time="392.058"/>
  <testcase classname="anhtester.com.runners.OpsTestRunner" name="runScenario" time="34.239">
    <failure message="Element not exist. By.xpath: //div[contains(text(),&#039;Settlement date&#039;)]/preceding-sibling::div//select" type="java.lang.AssertionError">
      <![CDATA[java.lang.AssertionError: Element not exist. By.xpath: //div[contains(text(),'Settlement date')]/preceding-sibling::div//select
at org.testng.Assert.fail(Assert.java:111)
at anhtester.com.keywords.WebUI.waitForElementPresent(WebUI.java:2372)
at anhtester.com.keywords.WebUI.waitForElementVisible(WebUI.java:2280)
at anhtester.com.hubpay.corp.pages.ExchangePage.selectTenorDateOnExchange(ExchangePage.java:484)
at anhtester.com.hubpay.corp.stepdefinitions.ExchangePageStepDefinition.I_select_tenor_for_currency_on_exchange_page(ExchangePageStepDefinition.java:86)
at ✽.I select "2 business days" tenor on Exchange page(file:///Users/kanthreddy/wip/Hubpay_QAAutomation/src/test/resources/features/InternationalPayments/InternationalPaymentFlow_MultipleRecipients_EUR.feature:17)
]]>
    </failure>
  </testcase> <!-- runScenario -->
  <testcase classname="anhtester.com.runners.OpsTestRunner" name="runScenario" time="26.012">
    <error message="You may not select a disabled option" type="java.lang.UnsupportedOperationException">
      <![CDATA[java.lang.UnsupportedOperationException: You may not select a disabled option
at org.openqa.selenium.support.ui.Select.assertOptionIsEnabled(Select.java:321)
at org.openqa.selenium.support.ui.Select.setSelected(Select.java:313)
at org.openqa.selenium.support.ui.Select.selectByVisibleText(Select.java:119)
at anhtester.com.keywords.WebUI.selectOptionByText(WebUI.java:734)
at anhtester.com.hubpay.corp.pages.ExchangePage.selectTenorDateOnExchange(ExchangePage.java:485)
at anhtester.com.hubpay.corp.stepdefinitions.ExchangePageStepDefinition.I_select_tenor_for_currency_on_exchange_page(ExchangePageStepDefinition.java:86)
at ✽.I select "Next business day" tenor on Exchange page(file:///Users/kanthreddy/wip/Hubpay_QAAutomation/src/test/resources/features/InternationalPayments/InternationalPaymentFlow_MultipleRecipients_SGD.feature:17)
]]>
    </error>
  </testcase> <!-- runScenario -->
  <testcase classname="anhtester.com.runners.OpsTestRunner" name="runScenario" time="388.857"/>
  <testcase classname="anhtester.com.runners.OpsTestRunner" name="runScenario" time="76.462">
    <failure message="The condition is FALSE. expected [true] but found [false]" type="java.lang.AssertionError">
      <![CDATA[java.lang.AssertionError: The condition is FALSE. expected [true] but found [false]
at org.testng.Assert.fail(Assert.java:111)
at org.testng.Assert.failNotEquals(Assert.java:1578)
at org.testng.Assert.assertTrue(Assert.java:57)
at anhtester.com.keywords.WebUI.verifyTrue(WebUI.java:1033)
at anhtester.com.hubpay.corp.pages.DashboardPage.searchAndVerifyPaymentInTransactionGrid(DashboardPage.java:219)
at anhtester.com.hubpay.corp.stepdefinitions.DashboardPageStepDefinition.I_search_verify_payment_for_in_the_Transactions_grid(DashboardPageStepDefinition.java:170)
at ✽.I search and verify payment for "BUSINESS" in the Transactions grid(file:///Users/kanthreddy/wip/Hubpay_QAAutomation/src/test/resources/features/InternationalPayments/InternationalPaymentFlow_MultipleRecipients_CHF.feature:48)
]]>
    </failure>
  </testcase> <!-- runScenario -->
  <testcase classname="anhtester.com.runners.OpsTestRunner" name="runScenario" time="81.050">
    <failure message="The condition is FALSE. expected [true] but found [false]" type="java.lang.AssertionError">
      <![CDATA[java.lang.AssertionError: The condition is FALSE. expected [true] but found [false]
at org.testng.Assert.fail(Assert.java:111)
at org.testng.Assert.failNotEquals(Assert.java:1578)
at org.testng.Assert.assertTrue(Assert.java:57)
at anhtester.com.keywords.WebUI.verifyTrue(WebUI.java:1033)
at anhtester.com.hubpay.corp.pages.DashboardPage.searchAndVerifyPaymentInTransactionGrid(DashboardPage.java:219)
at anhtester.com.hubpay.corp.stepdefinitions.DashboardPageStepDefinition.I_search_verify_payment_for_in_the_Transactions_grid(DashboardPageStepDefinition.java:170)
at ✽.I search and verify payment for "BUSINESS" in the Transactions grid(file:///Users/kanthreddy/wip/Hubpay_QAAutomation/src/test/resources/features/InternationalPayments/InternationalPaymentFlow_MultipleRecipients_NZD.feature:48)
]]>
    </failure>
  </testcase> <!-- runScenario -->
  <testcase classname="anhtester.com.runners.OpsTestRunner" name="runScenario" time="76.761">
    <failure message="The condition is FALSE. expected [true] but found [false]" type="java.lang.AssertionError">
      <![CDATA[java.lang.AssertionError: The condition is FALSE. expected [true] but found [false]
at org.testng.Assert.fail(Assert.java:111)
at org.testng.Assert.failNotEquals(Assert.java:1578)
at org.testng.Assert.assertTrue(Assert.java:57)
at anhtester.com.keywords.WebUI.verifyTrue(WebUI.java:1033)
at anhtester.com.hubpay.corp.pages.DashboardPage.searchAndVerifyPaymentInTransactionGrid(DashboardPage.java:219)
at anhtester.com.hubpay.corp.stepdefinitions.DashboardPageStepDefinition.I_search_verify_payment_for_in_the_Transactions_grid(DashboardPageStepDefinition.java:170)
at ✽.I search and verify payment for "BUSINESS" in the Transactions grid(file:///Users/kanthreddy/wip/Hubpay_QAAutomation/src/test/resources/features/InternationalPayments/InternationalPaymentFlow_MultipleRecipients_GBP.feature:48)
]]>
    </failure>
  </testcase> <!-- runScenario -->
</testsuite> <!-- anhtester.com.runners.OpsTestRunner -->
